<?xml version="1.0" encoding="UTF-8"?>
<testng-results skipped="0" failed="0" ignored="0" total="1" passed="1">
  <reporter-output>
  </reporter-output>
  <suite name="Default suite" duration-ms="15983" started-at="2020-07-17T14:40:40 IST" finished-at="2020-07-17T14:40:55 IST">
    <groups>
    </groups>
    <test name="Default test" duration-ms="15983" started-at="2020-07-17T14:40:40 IST" finished-at="2020-07-17T14:40:55 IST">
      <class name="com.elf.generics.Screenshot">
        <test-method status="PASS" signature="testScreenShot()[pri:0, instance:com.elf.generics.Screenshot@32709393]" name="testScreenShot" duration-ms="15929" started-at="2020-07-17T14:40:40 IST" finished-at="2020-07-17T14:40:55 IST">
          <reporter-output>
          </reporter-output>
        </test-method> <!-- testScreenShot -->
      </class> <!-- com.elf.generics.Screenshot -->
    </test> <!-- Default test -->
  </suite> <!-- Default suite -->
</testng-results>
